<?xml version="1.0" encoding="UTF-8"?>
<!-- Generated by org.testng.reporters.JUnitXMLReporter -->
<testsuite hostname="OL101571" ignored="0" name="carseach" tests="5" failures="0" timestamp="2023-02-12T23:20:47 NZDT" time="137.216" errors="0">
  <testcase name="verifyCarSearchResults" time="14.138" classname="nz.co.trademe.carSearchtest"/>
  <testcase name="verifyCarSearchResults" time="8.748" classname="nz.co.trademe.carSearchtest"/>
  <testcase name="verifyCarSearchResults" time="13.525" classname="nz.co.trademe.carSearchtest"/>
  <testcase name="verifyCarSearchResults" time="14.567" classname="nz.co.trademe.carSearchtest"/>
  <testcase name="verifyNumberOfCarMakesAvailable" time="3.501" classname="nz.co.trademe.carSearchtest"/>
</testsuite> <!-- carseach -->
